<html>
<body>
<pre>
<h1>µVision Build Log</h1>
<h2>Tool Versions:</h2>
IDE-Version: µVision V5.41.0.0
Copyright (C) 2024 ARM Ltd and ARM Germany GmbH. All rights reserved.
License Information: Jacob Rae, University of Plymouth, LIC=----
 
Tool Versions:
Toolchain:       MDK-Lite  Version: 5.41.0.0
Toolchain Path:  C:\Users\jacob\AppData\Local\Keil_v5\ARM\ARMCLANG\Bin
C Compiler:      ArmClang.exe V6.22
Assembler:       Armasm.exe V6.22
Linker/Locator:  ArmLink.exe V6.22
Library Manager: ArmAr.exe V6.22
Hex Converter:   FromElf.exe V6.22
CPU DLL:         SARMCM3.DLL V5.41.0.0
Dialog DLL:      DCM.DLL V1.17.5.0
Target DLL:      STLink\ST-LINKIII-KEIL_SWO.dll V3.3.0.0
Dialog DLL:      TCM.DLL V1.56.4.0
 
<h2>Project:</h2>
C:\Users\jacob\Documents\Uni - Plymouth\Y2\PROJ 200\Code\Heart-rate-monitor-and-oximeter\Heart-rate-monitor-and-oximeter.uvprojx
Project File Date:  03/20/2025

<h2>Output:</h2>
*** Using Compiler 'V6.22', folder: 'C:\Users\jacob\AppData\Local\Keil_v5\ARM\ARMCLANG\Bin'
Build target 'Target 1'
buffer.c(5): error: expected member name or ';' after declaration specifiers
    5 |         uint8_t * buffer;
      |         ~~~~~~~         ^
buffer.c(13): warning: omitting the parameter name in a function definition is a C23 extension [-Wc23-extensions]
   13 | cbuf_handle_t circular_buf_init(uint8_t* buffer, size_t size)
      |                                                ^
buffer.c(20): error: expected identifier
   20 |         cbuf->buffer = buffer;
      |                      ^
buffer.c(20): error: expected expression
   20 |         cbuf->buffer = buffer;
      |                              ^
buffer.c(15): error: use of undeclared label 'size'
   15 |         assert(buffer && size);
      |                          ^
buffer.c(119): error: expected identifier
  119 |         assert(me && me->buffer);
      |         ^
C:\Users\jacob\AppData\Local\Keil_v5\ARM\ARMCLANG\bin\..\include\assert.h(85): note: expanded from macro 'assert'
   85 | #          define assert(e) ((e) ? (void)0 : __CLIBNS __aeabi_assert(#e, __FILE__, __LINE__), __CLANG_IGNORE_ASSUME (__ARM_PROMISE)((e)?1:0) __CLANG_UNIGNORE_ASSUME)
      |                                ^
buffer.c(119): error: expected identifier
C:\Users\jacob\AppData\Local\Keil_v5\ARM\ARMCLANG\bin\..\include\assert.h(85): note: expanded from macro 'assert'
   85 | #          define assert(e) ((e) ? (void)0 : __CLIBNS __aeabi_assert(#e, __FILE__, __LINE__), __CLANG_IGNORE_ASSUME (__ARM_PROMISE)((e)?1:0) __CLANG_UNIGNORE_ASSUME)
      |                                                                                                                                       ^
buffer.c(120): error: expected identifier
  120 |    me->buffer[me->head] = data;
      |              ^
buffer.c(127): error: expected identifier
  127 |     assert(me && data && me->buffer);
      |     ^
C:\Users\jacob\AppData\Local\Keil_v5\ARM\ARMCLANG\bin\..\include\assert.h(85): note: expanded from macro 'assert'
   85 | #          define assert(e) ((e) ? (void)0 : __CLIBNS __aeabi_assert(#e, __FILE__, __LINE__), __CLANG_IGNORE_ASSUME (__ARM_PROMISE)((e)?1:0) __CLANG_UNIGNORE_ASSUME)
      |                                ^
buffer.c(127): error: expected identifier
C:\Users\jacob\AppData\Local\Keil_v5\ARM\ARMCLANG\bin\..\include\assert.h(85): note: expanded from macro 'assert'
   85 | #          define assert(e) ((e) ? (void)0 : __CLIBNS __aeabi_assert(#e, __FILE__, __LINE__), __CLANG_IGNORE_ASSUME (__ARM_PROMISE)((e)?1:0) __CLANG_UNIGNORE_ASSUME)
      |                                                                                                                                       ^
buffer.c(131): error: expected identifier
  131 |         *data = me->buffer[me->tail];
      |                           ^
1 warning and 10 errors generated.
compiling buffer.c...
".\Objects\LCD.axf" - 10 Error(s), 1 Warning(s).

<h2>Software Packages used:</h2>

Package Vendor: ARM
                https://www.keil.com/pack/ARM.CMSIS.6.1.0.pack
                ARM::CMSIS@6.1.0
                CMSIS (Common Microcontroller Software Interface Standard)
   * Component: CORE Version: 6.1.0

Package Vendor: Keil
                https://www.keil.com/pack/Keil.STM32F4xx_DFP.3.0.0.pack
                Keil::STM32F4xx_DFP@3.0.0
                STMicroelectronics STM32F4 Series Device Support

Package Vendor: Keil
                https://www.keil.com/pack/Keil.STM32F4xx_DFP.2.17.1.pack
                Keil::STM32F4xx_DFP@2.17.1
                STMicroelectronics STM32F4 Series Device Support, Drivers and Examples
   * Component: Startup Version: 2.6.3

<h2>Collection of Component include folders:</h2>
  ./RTE/_Target_1
  C:/Users/jacob/AppData/Local/Arm/Packs/ARM/CMSIS/6.1.0/CMSIS/Core/Include
  C:/Users/jacob/AppData/Local/Arm/Packs/Keil/STM32F4xx_DFP/2.17.1/Drivers/CMSIS/Device/ST/STM32F4xx/Include

<h2>Collection of Component Files used:</h2>

   * Component: ARM::CMSIS:CORE@6.1.0

   * Component: Keil::Device:Startup@2.6.3
      Source file:   MDK/Device/Source/ARM/STM32F42xxx_43xxx_OPT.s
      Source file:   MDK/Device/Source/ARM/STM32F4xx_OTP.s
      Include file:  Drivers/CMSIS/Device/ST/STM32F4xx/Include/stm32f4xx.h
      Source file:   Drivers/CMSIS/Device/ST/STM32F4xx/Source/Templates/arm/startup_stm32f429xx.s
      Source file:   Drivers/CMSIS/Device/ST/STM32F4xx/Source/Templates/system_stm32f4xx.c
Target not created.
Build Time Elapsed:  00:00:01
</pre>
</body>
</html>
